<?xml version="1.0" encoding="UTF-8"?>
<testsuite name="DomainTest" tests="1" skipped="0" failures="0" errors="0" timestamp="2017-11-30T03:46:42" hostname="NiniPrincessdeMacBook-Pro.local" time="0.028">
  <properties/>
  <testcase name="generalTest" classname="DomainTest" time="0.028"/>
  <system-out><![CDATA[]]></system-out>
  <system-err><![CDATA[]]></system-err>
</testsuite>
